mode: set
github.com/3300532/S-Calculator/main.go:10.13,17.16 6 0
github.com/3300532/S-Calculator/main.go:22.2,25.21 4 0
github.com/3300532/S-Calculator/main.go:29.2,29.14 1 0
github.com/3300532/S-Calculator/main.go:40.2,43.15 3 0
github.com/3300532/S-Calculator/main.go:17.16,20.3 2 0
github.com/3300532/S-Calculator/main.go:25.21,27.3 1 0
github.com/3300532/S-Calculator/main.go:30.11,31.14 1 0
github.com/3300532/S-Calculator/main.go:32.11,33.14 1 0
github.com/3300532/S-Calculator/main.go:34.11,35.14 1 0
github.com/3300532/S-Calculator/main.go:36.11,37.14 1 0
github.com/3300532/S-Calculator/main.go:50.52,57.23 7 0
github.com/3300532/S-Calculator/main.go:68.2,68.10 1 0
github.com/3300532/S-Calculator/main.go:76.2,78.32 3 0
github.com/3300532/S-Calculator/main.go:85.2,85.43 1 0
github.com/3300532/S-Calculator/main.go:57.23,58.57 1 0
github.com/3300532/S-Calculator/main.go:58.57,60.4 1 0
github.com/3300532/S-Calculator/main.go:60.9,60.26 1 0
github.com/3300532/S-Calculator/main.go:60.26,64.4 3 0
github.com/3300532/S-Calculator/main.go:64.9,64.63 1 0
github.com/3300532/S-Calculator/main.go:64.63,66.4 1 0
github.com/3300532/S-Calculator/main.go:68.10,74.3 5 0
github.com/3300532/S-Calculator/main.go:78.32,84.3 3 0
github.com/3300532/S-Calculator/main.go:89.28,91.29 2 0
github.com/3300532/S-Calculator/main.go:96.2,96.14 1 0
github.com/3300532/S-Calculator/main.go:91.29,92.14 1 0
github.com/3300532/S-Calculator/main.go:92.14,94.4 1 0
github.com/3300532/S-Calculator/main.go:99.19,103.2 3 0
github.com/3300532/S-Calculator/main.go:105.20,109.2 3 0
